<?xml version="1.0" encoding="UTF-8"?>
<robot generator="Robot 6.0.1 (Python 3.10.7 on win32)" generated="20221123 19:18:38.491" rpa="false" schemaversion="3">
<suite id="s1" name="GestionIframe" source="c:\Users\hidja\Desktop\robotframeProjet03\GestionIframe.robot">
<test id="s1-t1" name="testGererUneAlert" line="6">
<kw name="Open Browser" library="SeleniumLibrary">
<arg>https://www.selenium.dev/selenium/docs/api/java/index.html?overview-summary.html</arg>
<arg>gc</arg>
<doc>Opens a new browser instance to the optional ``url``.</doc>
<msg timestamp="20221123 19:18:38.849" level="INFO">Opening browser 'gc' to base url 'https://www.selenium.dev/selenium/docs/api/java/index.html?overview-summary.html'.</msg>
<status status="PASS" starttime="20221123 19:18:38.849" endtime="20221123 19:18:40.782"/>
</kw>
<kw name="Maximize Browser Window" library="SeleniumLibrary">
<doc>Maximizes current browser window.</doc>
<status status="PASS" starttime="20221123 19:18:40.783" endtime="20221123 19:18:40.922"/>
</kw>
<kw name="Sleep" library="BuiltIn">
<arg>3</arg>
<doc>Pauses the test executed for the given time.</doc>
<msg timestamp="20221123 19:18:43.937" level="INFO">Slept 3 seconds</msg>
<status status="PASS" starttime="20221123 19:18:40.926" endtime="20221123 19:18:43.937"/>
</kw>
<kw name="Select Frame" library="SeleniumLibrary">
<arg>name:packageListFrame</arg>
<doc>Sets frame identified by ``locator`` as the current frame.</doc>
<msg timestamp="20221123 19:18:43.939" level="INFO">Selecting frame 'name:packageListFrame'.</msg>
<status status="PASS" starttime="20221123 19:18:43.938" endtime="20221123 19:18:43.967"/>
</kw>
<kw name="Click Link" library="SeleniumLibrary">
<arg>org.openqa.selenium</arg>
<doc>Clicks a link identified by ``locator``.</doc>
<msg timestamp="20221123 19:18:43.968" level="INFO">Clicking link 'org.openqa.selenium'.</msg>
<status status="PASS" starttime="20221123 19:18:43.967" endtime="20221123 19:18:44.057"/>
</kw>
<kw name="Unselect Frame" library="SeleniumLibrary">
<doc>Sets the main frame as the current frame.</doc>
<status status="PASS" starttime="20221123 19:18:44.058" endtime="20221123 19:18:44.061"/>
</kw>
<kw name="Sleep" library="BuiltIn">
<arg>3</arg>
<doc>Pauses the test executed for the given time.</doc>
<msg timestamp="20221123 19:18:47.066" level="INFO">Slept 3 seconds</msg>
<status status="PASS" starttime="20221123 19:18:44.062" endtime="20221123 19:18:47.066"/>
</kw>
<kw name="Select Frame" library="SeleniumLibrary">
<arg>name:packageFrame</arg>
<doc>Sets frame identified by ``locator`` as the current frame.</doc>
<msg timestamp="20221123 19:18:47.068" level="INFO">Selecting frame 'name:packageFrame'.</msg>
<status status="PASS" starttime="20221123 19:18:47.067" endtime="20221123 19:18:47.096"/>
</kw>
<kw name="Click Link" library="SeleniumLibrary">
<arg>WebDriver</arg>
<doc>Clicks a link identified by ``locator``.</doc>
<msg timestamp="20221123 19:18:47.098" level="INFO">Clicking link 'WebDriver'.</msg>
<status status="PASS" starttime="20221123 19:18:47.097" endtime="20221123 19:18:47.176"/>
</kw>
<kw name="Unselect Frame" library="SeleniumLibrary">
<doc>Sets the main frame as the current frame.</doc>
<status status="PASS" starttime="20221123 19:18:47.177" endtime="20221123 19:18:47.179"/>
</kw>
<kw name="Sleep" library="BuiltIn">
<arg>3</arg>
<doc>Pauses the test executed for the given time.</doc>
<msg timestamp="20221123 19:18:50.180" level="INFO">Slept 3 seconds</msg>
<status status="PASS" starttime="20221123 19:18:47.179" endtime="20221123 19:18:50.180"/>
</kw>
<kw name="Select Frame" library="SeleniumLibrary">
<arg>name:classFrame</arg>
<doc>Sets frame identified by ``locator`` as the current frame.</doc>
<msg timestamp="20221123 19:18:50.182" level="INFO">Selecting frame 'name:classFrame'.</msg>
<status status="PASS" starttime="20221123 19:18:50.181" endtime="20221123 19:18:50.216"/>
</kw>
<kw name="Click Link" library="SeleniumLibrary">
<arg>Help</arg>
<doc>Clicks a link identified by ``locator``.</doc>
<msg timestamp="20221123 19:18:50.217" level="INFO">Clicking link 'Help'.</msg>
<status status="PASS" starttime="20221123 19:18:50.217" endtime="20221123 19:18:50.451"/>
</kw>
<kw name="Unselect Frame" library="SeleniumLibrary">
<doc>Sets the main frame as the current frame.</doc>
<status status="PASS" starttime="20221123 19:18:50.451" endtime="20221123 19:18:50.462"/>
</kw>
<kw name="Sleep" library="BuiltIn">
<arg>3</arg>
<doc>Pauses the test executed for the given time.</doc>
<msg timestamp="20221123 19:18:53.470" level="INFO">Slept 3 seconds</msg>
<status status="PASS" starttime="20221123 19:18:50.463" endtime="20221123 19:18:53.471"/>
</kw>
<kw name="Close Browser" library="SeleniumLibrary">
<doc>Closes the current browser.</doc>
<status status="PASS" starttime="20221123 19:18:53.472" endtime="20221123 19:18:55.635"/>
</kw>
<status status="PASS" starttime="20221123 19:18:38.848" endtime="20221123 19:18:55.638"/>
</test>
<status status="PASS" starttime="20221123 19:18:38.499" endtime="20221123 19:18:55.639"/>
</suite>
<statistics>
<total>
<stat pass="1" fail="0" skip="0">All Tests</stat>
</total>
<tag>
</tag>
<suite>
<stat pass="1" fail="0" skip="0" id="s1" name="GestionIframe">GestionIframe</stat>
</suite>
</statistics>
<errors>
</errors>
</robot>
